#
# A fatal error has been detected by the Java Runtime Environment:
#
#  EXCEPTION_ACCESS_VIOLATION (0xc0000005) at pc=0x00007ffb3154cac8, pid=12872, tid=10456
#
# JRE version: OpenJDK Runtime Environment Temurin-17.0.10+7 (17.0.10+7) (build 17.0.10+7)
# Java VM: OpenJDK 64-Bit Server VM Temurin-17.0.10+7 (17.0.10+7, mixed mode, tiered, compressed oops, compressed class ptrs, parallel gc, windows-amd64)
# Problematic frame:
# V  [jvm.dll+0xcac8]
#
# No core dump will be written. Minidumps are not enabled by default on client versions of Windows
#
# If you would like to submit a bug report, please visit:
#   https://github.com/adoptium/adoptium-support/issues
#

---------------  S U M M A R Y ------------

Command Line: --add-modules=ALL-SYSTEM --add-opens=java.base/java.util=ALL-UNNAMED --add-opens=java.base/java.lang=ALL-UNNAMED --add-opens=java.base/sun.nio.fs=ALL-UNNAMED -Declipse.application=org.eclipse.jdt.ls.core.id1 -Dosgi.bundles.defaultStartLevel=4 -Declipse.product=org.eclipse.jdt.ls.core.product -Djava.import.generatesMetadataFilesAtProjectRoot=false -DDetectVMInstallationsJob.disabled=true -Dfile.encoding=utf8 -XX:+UseParallelGC -XX:GCTimeRatio=4 -XX:AdaptiveSizePolicyWeight=90 -Dsun.zip.disableMemoryMapping=true -Xmx1G -Xms100m -Xlog:disable -javaagent:c:\Users\User\.vscode\extensions\redhat.java-1.30.0-win32-x64\lombok\lombok-1.18.32.jar -XX:+HeapDumpOnOutOfMemoryError -XX:HeapDumpPath=c:\Users\User\AppData\Roaming\Code\User\workspaceStorage\8afd2c2afd165582ca90f988ab1bca98\redhat.java -Daether.dependencyCollector.impl=bf c:\Users\User\.vscode\extensions\redhat.java-1.30.0-win32-x64\server\plugins\org.eclipse.equinox.launcher_1.6.800.v20240330-1250.jar -configuration c:\Users\User\AppData\Roaming\Code\User\globalStorage\redhat.java\1.30.0\config_win -data c:\Users\User\AppData\Roaming\Code\User\workspaceStorage\8afd2c2afd165582ca90f988ab1bca98\redhat.java\jdt_ws --pipe=\\.\pipe\lsp-1a6d9e2ce3c7d4a7d9ccb3d9a72518af-sock

Host: Intel(R) Core(TM) i7-3632QM CPU @ 2.20GHz, 8 cores, 15G,  Windows 10 , 64 bit Build 19041 (10.0.19041.1202)
Time: Sat May 18 22:13:31 2024 Hora oficial do Brasil elapsed time: 578.815902 seconds (0d 0h 9m 38s)

---------------  T H R E A D  ---------------

Current thread (0x000002231a661960):  GCTaskThread "GC Thread#7" [stack: 0x000000818de00000,0x000000818df00000] [id=10456]

Stack: [0x000000818de00000,0x000000818df00000],  sp=0x000000818deff598,  free space=1021k
Native frames: (J=compiled Java code, j=interpreted, Vv=VM code, C=native code)
V  [jvm.dll+0xcac8]


siginfo: EXCEPTION_ACCESS_VIOLATION (0xc0000005), reading address 0x000000062bf99a08


Registers:
RAX=0x0000000000000001, RBX=0x00000000c57fb340, RCX=0x0000000000000003, RDX=0x00000000c57fb340
RSP=0x000000818deff598, RBP=0x000000818deff690, RSI=0x00000000ce71fe18, RDI=0x000002237fde8a00
R8 =0x000000062bf99a00, R9 =0x000000000002bfd9, R10=0x00000000000000bd, R11=0x0000000000000003
R12=0x000000818c7ff028, R13=0x0000000000000010, R14=0x000000010030bb30, R15=0x00000000ce71fe00
RIP=0x00007ffb3154cac8, EFLAGS=0x0000000000010206


Register to memory mapping:

RIP=0x00007ffb3154cac8 jvm.dll
RAX=0x0000000000000001 is an unknown value
RBX=0x00000000c57fb340 is pointing into object: org.eclipse.jdt.internal.core.JrtPackageFragmentRoot 
{0x00000000c57fb338} - klass: 'org/eclipse/jdt/internal/core/JrtPackageFragmentRoot'
 - ---- fields (total size 6 words):
 - private 'hashCode' 'I' @12  195335483 (ba4953b)
 - private final 'parent' 'Lorg/eclipse/jdt/internal/core/JavaElement;' @16  a 'org/eclipse/jdt/internal/core/JavaProject'{0x00000000c57f3340} (c57f3340)
 - private final 'project' 'Lorg/eclipse/jdt/internal/core/JavaProject;' @20  a 'org/eclipse/jdt/internal/core/JavaProject'{0x00000000c57f3340} (c57f3340)
 - protected 'resource' 'Lorg/eclipse/core/resources/IResource;' @24  NULL (0)
 - 'knownToBeModuleLess' 'Z' @28  false
 - private 'multiVersion' 'Z' @29  false
 - protected final 'jarPath' 'Lorg/eclipse/core/runtime/IPath;' @32  a 'org/eclipse/core/runtime/Path'{0x00000000c11debb8} (c11debb8)
 - protected final 'extraAttributes' '[Lorg/eclipse/jdt/core/IClasspathAttribute;' @36  a 'org/eclipse/jdt/core/IClasspathAttribute'[2] {0x00000000c57f3368} (c57f3368)
 - protected final 'moduleName' 'Ljava/lang/String;' @40  "java.transaction.xa"{0x00000000c57fb368} (c57fb368)
RCX=0x0000000000000003 is an unknown value
RDX=0x00000000c57fb340 is pointing into object: org.eclipse.jdt.internal.core.JrtPackageFragmentRoot 
{0x00000000c57fb338} - klass: 'org/eclipse/jdt/internal/core/JrtPackageFragmentRoot'
 - ---- fields (total size 6 words):
 - private 'hashCode' 'I' @12  195335483 (ba4953b)
 - private final 'parent' 'Lorg/eclipse/jdt/internal/core/JavaElement;' @16  a 'org/eclipse/jdt/internal/core/JavaProject'{0x00000000c57f3340} (c57f3340)
 - private final 'project' 'Lorg/eclipse/jdt/internal/core/JavaProject;' @20  a 'org/eclipse/jdt/internal/core/JavaProject'{0x00000000c57f3340} (c57f3340)
 - protected 'resource' 'Lorg/eclipse/core/resources/IResource;' @24  NULL (0)
 - 'knownToBeModuleLess' 'Z' @28  false
 - private 'multiVersion' 'Z' @29  false
 - protected final 'jarPath' 'Lorg/eclipse/core/runtime/IPath;' @32  a 'org/eclipse/core/runtime/Path'{0x00000000c11debb8} (c11debb8)
 - protected final 'extraAttributes' '[Lorg/eclipse/jdt/core/IClasspathAttribute;' @36  a 'org/eclipse/jdt/core/IClasspathAttribute'[2] {0x00000000c57f3368} (c57f3368)
 - protected final 'moduleName' 'Ljava/lang/String;' @40  "java.transaction.xa"{0x00000000c57fb368} (c57fb368)
RSP=0x000000818deff598 points into unknown readable memory: 0x00007ffb31bf0cc2 | c2 0c bf 31 fb 7f 00 00
RBP=0x000000818deff690 points into unknown readable memory: 0x00007ffb31ef1158 | 58 11 ef 31 fb 7f 00 00
RSI=0x00000000ce71fe18 is pointing into object: org.eclipse.jdt.internal.core.TypeParameter 
{0x00000000ce71fe00} - klass: 'org/eclipse/jdt/internal/core/TypeParameter'
 - ---- fields (total size 4 words):
 - private 'hashCode' 'I' @12  976024106 (3a2cf22a)
 - private final 'parent' 'Lorg/eclipse/jdt/internal/core/JavaElement;' @16  a 'org/eclipse/jdt/internal/core/BinaryType'{0x00000000ccffc7f8} (ccffc7f8)
 - private final 'project' 'Lorg/eclipse/jdt/internal/core/JavaProject;' @20  
[error occurred during error reporting (printing register info), id 0xc0000005, EXCEPTION_ACCESS_VIOLATION (0xc0000005) at pc=0x00007ffb31ba9a83]

Top of Stack: (sp=0x000000818deff598)
0x000000818deff598:   00007ffb31bf0cc2 00000000ce71fe50
0x000000818deff5a8:   0000000000000003 00000000cd133f08
0x000000818deff5b8:   00007ffb31befaaf 000002237fde8a00
0x000000818deff5c8:   00007ffb31bee572 00000000c57fb340
0x000000818deff5d8:   000000010070a800 00000000cd133f08
0x000000818deff5e8:   00007ffb31bef81f 000000010030bb20
0x000000818deff5f8:   00007ffb31beedee 00000000ce71fe14
0x000000818deff608:   00007ffb31bf035e 00000000ce71fe68
0x000000818deff618:   00000000ce71fe64 0000000000000000
0x000000818deff628:   00007ffb3206c7a0 0000000000009e00
0x000000818deff638:   00007ffb31bf06a4 00007ffb31ef1158
0x000000818deff648:   000002237fde8a00 00007ffb31e5bb90
0x000000818deff658:   0000000000009e01 0000000000000000
0x000000818deff668:   00007ffb00000000 000002237fde8a00
0x000000818deff678:   00007ffb31bee581 00000000ce557560
0x000000818deff688:   00000000c0e193cc 00007ffb31ef1158
0x000000818deff698:   000002237fbea9e0 0000000100000003
0x000000818deff6a8:   000002237fde8a00 0000000000000000
0x000000818deff6b8:   0000000000000000 0000000000000003
0x000000818deff6c8:   00000000c17c42e8 00007ffb3206c7a0
0x000000818deff6d8:   000000000000000c 000002237fde8a00
0x000000818deff6e8:   00007ffb31bf8de1 000000000000000c
0x000000818deff6f8:   00009ab800009dfc 000002237fde8a00
0x000000818deff708:   00007ffb31ef1158 00000000c17bc2d8
0x000000818deff718:   00007ffb00001800 00007ffb31ef1158
0x000000818deff728:   000002237fbea9e0 0000000000000003
0x000000818deff738:   000002237fde8a00 0000000000000003
0x000000818deff748:   000000818c7ff020 000000818c7fefe8
0x000000818deff758:   000000818c7feee0 000000818c7feee0
0x000000818deff768:   00007ffb31bf9cfa 0000000000000005
0x000000818deff778:   000000818deff7f0 00000000ce282b80
0x000000818deff788:   000002231a661960 000000818c7ff280 

Instructions: (pc=0x00007ffb3154cac8)
0x00007ffb3154c9c8:   48 83 c4 20 5e c3 cc cc 48 8b 01 c3 cc cc cc cc
0x00007ffb3154c9d8:   cc cc cc cc cc cc cc cc 4c 8b 01 4c 8b c9 48 8b
0x00007ffb3154c9e8:   0d e3 60 b6 00 ba 44 60 08 00 e9 d9 f1 ff ff cc
0x00007ffb3154c9f8:   cc cc cc cc cc cc cc cc 48 89 5c 24 08 57 48 83
0x00007ffb3154ca08:   ec 20 48 8b 39 48 8b d9 48 85 3d 01 4a bb 00 75
0x00007ffb3154ca18:   0e 48 8b c7 48 8b 5c 24 30 48 83 c4 20 5f c3 48
0x00007ffb3154ca28:   8b cf e8 41 98 85 00 48 8b d0 48 85 c0 74 20 48
0x00007ffb3154ca38:   8b c7 f0 48 0f b1 13 74 16 48 85 05 d0 49 bb 00
0x00007ffb3154ca48:   74 0d 48 8b c8 f0 48 0f b1 13 48 3b c1 75 ea 48
0x00007ffb3154ca58:   8b 5c 24 30 48 8b c2 48 83 c4 20 5f c3 cc cc cc
0x00007ffb3154ca68:   cc cc cc cc cc cc cc cc 4c 8b 01 4c 8b c9 48 8b
0x00007ffb3154ca78:   0d 53 60 b6 00 ba 64 60 08 00 e9 49 f1 ff ff cc
0x00007ffb3154ca88:   cc cc cc cc cc cc cc cc 8b 05 62 a8 b0 00 c3 cc
0x00007ffb3154ca98:   cc cc cc cc cc cc cc cc 0f b6 05 db 68 b7 00 48
0x00007ffb3154caa8:   8b d1 84 c0 74 16 44 8b 41 08 8b 0d 40 a8 b0 00
0x00007ffb3154cab8:   49 d3 e0 4c 03 05 2e a8 b0 00 eb 04 4c 8b 41 08
0x00007ffb3154cac8:   45 8b 50 08 45 85 d2 7e 0e 41 f6 c2 01 75 53 41
0x00007ffb3154cad8:   c1 fa 03 41 8b c2 c3 79 49 84 c0 b9 10 00 00 00
0x00007ffb3154cae8:   8b 05 46 b7 b0 00 41 b8 0c 00 00 00 41 0f 45 c8
0x00007ffb3154caf8:   ff c8 4c 63 c8 48 63 14 11 41 8b ca 83 e1 3f 48
0x00007ffb3154cb08:   d3 e2 41 8b ca 48 c1 f9 10 0f b6 c1 49 8d 0c 11
0x00007ffb3154cb18:   49 f7 d1 48 03 c1 49 c1 e9 03 48 c1 e8 03 41 23
0x00007ffb3154cb28:   c1 c3 49 8b 00 49 8b c8 48 ff a0 00 01 00 00 cc
0x00007ffb3154cb38:   cc cc cc cc cc cc cc cc 8b 44 24 30 45 03 c9 44
0x00007ffb3154cb48:   2b 4c 24 28 83 c0 0b 44 03 ca 45 03 c8 41 03 c1
0x00007ffb3154cb58:   c3 cc cc cc cc cc cc cc 4c 8b ca 48 8b d1 45 8b
0x00007ffb3154cb68:   41 08 45 85 c0 7e 0e 41 f6 c0 01 75 56 41 c1 f8
0x00007ffb3154cb78:   03 41 8b c0 c3 79 4c 80 3d fc 67 b7 00 00 b8 0c
0x00007ffb3154cb88:   00 00 00 b9 10 00 00 00 0f 45 c8 8b 05 9b b6 b0
0x00007ffb3154cb98:   00 ff c8 4c 63 c8 48 63 14 11 41 8b c8 83 e1 3f
0x00007ffb3154cba8:   48 d3 e2 41 8b c8 48 c1 f9 10 0f b6 c1 49 8d 0c
0x00007ffb3154cbb8:   11 49 f7 d1 48 03 c1 49 c1 e9 03 48 c1 e8 03 41 


Stack slot to memory mapping:
stack at sp + 0 slots: 0x00007ffb31bf0cc2 jvm.dll
stack at sp + 1 slots: 0x00000000ce71fe50 is an oop: [Lorg.eclipse.jdt.core.SourceRange; 
{0x00000000ce71fe50} - klass: 'org/eclipse/jdt/core/SourceRange'[]
 - length: 2
stack at sp + 2 slots: 0x0000000000000003 is an unknown value
stack at sp + 3 slots: 0x00000000cd133f08 is an oop: org.eclipse.jdt.internal.core.util.WeakHashSet$HashableWeakReference 
{0x00000000cd133f08} - klass: 'org/eclipse/jdt/internal/core/util/WeakHashSet$HashableWeakReference'
 - ---- fields (total size 4 words):
 - private 'referent' 'Ljava/lang/Object;' @12  "Database$10"{0x00000000c918b900} (c918b900)
 - volatile 'queue' 'Ljava/lang/ref/ReferenceQueue;' @16  a 'java/lang/ref/ReferenceQueue'{0x00000000c12d4288} (c12d4288)
 - volatile 'next' 'Ljava/lang/ref/Reference;' @20  NULL (0)
 - private transient 'discovered' 'Ljava/lang/ref/Reference;' @24  a 'org/eclipse/jdt/internal/core/util/WeakHashSet$HashableWeakReference'{0x00000000cd133ee8} (cd133ee8)
 - public 'hashCode' 'I' @28  -1810666040 (94136dc8)
stack at sp + 4 slots: 0x00007ffb31befaaf jvm.dll
stack at sp + 5 slots: 0x000002237fde8a00 points into unknown readable memory: 0x000002237fc95380 | 80 53 c9 7f 23 02 00 00
stack at sp + 6 slots: 0x00007ffb31bee572 jvm.dll
stack at sp + 7 slots: 0x00000000c57fb340 is pointing into object: org.eclipse.jdt.internal.core.JrtPackageFragmentRoot 
{0x00000000c57fb338} - klass: 'org/eclipse/jdt/internal/core/JrtPackageFragmentRoot'
 - ---- fields (total size 6 words):
 - private 'hashCode' 'I' @12  195335483 (ba4953b)
 - private final 'parent' 'Lorg/eclipse/jdt/internal/core/JavaElement;' @16  a 'org/eclipse/jdt/internal/core/JavaProject'{0x00000000c57f3340} (c57f3340)
 - private final 'project' 'Lorg/eclipse/jdt/internal/core/JavaProject;' @20  a 'org/eclipse/jdt/internal/core/JavaProject'{0x00000000c57f3340} (c57f3340)
 - protected 'resource' 'Lorg/eclipse/core/resources/IResource;' @24  NULL (0)
 - 'knownToBeModuleLess' 'Z' @28  false
 - private 'multiVersion' 'Z' @29  false
 - protected final 'jarPath' 'Lorg/eclipse/core/runtime/IPath;' @32  a 'org/eclipse/core/runtime/Path'{0x00000000c11debb8} (c11debb8)
 - protected final 'extraAttributes' '[Lorg/eclipse/jdt/core/IClasspathAttribute;' @36  a 'org/eclipse/jdt/core/IClasspathAttribute'[2] {0x00000000c57f3368} (c57f3368)
 - protected final 'moduleName' 'Ljava/lang/String;' @40  "java.transaction.xa"{0x00000000c57fb368} (c57fb368)


---------------  P R O C E S S  ---------------

Threads class SMR info:
_java_thread_list=0x000002231ec64b30, length=54, elements={
0x000002237fbdbeb0, 0x000002237fc989a0, 0x000002237fc9e180, 0x000002237fe990f0,
0x000002237fe99d80, 0x000002237fe9b2b0, 0x000002237fe9dab0, 0x0000022318f71b00,
0x0000022318f74030, 0x0000022318f7c540, 0x00000223190dde70, 0x00000223190e06f0,
0x00000223190de380, 0x00000223190deda0, 0x00000223190e01e0, 0x00000223190e0c00,
0x00000223190df2b0, 0x00000223190dd960, 0x000002231b1a8ad0, 0x000002231b1a6c70,
0x000002231b1a5d40, 0x000002231b1a2fb0, 0x000002231b1a7180, 0x000002231b1a80b0,
0x000002231b1a6250, 0x000002231b1a6760, 0x000002231b1a4e10, 0x000002231b1a3ee0,
0x000002231b1a94f0, 0x000002231b1a9a00, 0x000002231b1a85c0, 0x000002231b1a8fe0,
0x000002231b1a5830, 0x00000223190df7c0, 0x00000223190dd450, 0x000002231b1a43f0,
0x000002231b1a4900, 0x000002231ba2bec0, 0x000002231ba2c3d0, 0x000002231ba2cdf0,
0x000002231c0f0c30, 0x000002231c0f2580, 0x000002231c0ee3b0, 0x000002231c0ef7f0,
0x000002231c0f0720, 0x000002231c0edea0, 0x000002231c0eb110, 0x000002231c0f1140,
0x000002231e6b7050, 0x000002231c0f2a90, 0x000002231c0f1650, 0x000002231c0f2070,
0x000002231c0efd00, 0x000002231c0eb620
}

Java Threads: ( => current thread )
  0x000002237fbdbeb0 JavaThread "main" [_thread_blocked, id=18956, stack(0x000000818c500000,0x000000818c600000)]
  0x000002237fc989a0 JavaThread "Reference Handler" daemon [_thread_blocked, id=17452, stack(0x000000818c800000,0x000000818c900000)]
  0x000002237fc9e180 JavaThread "Finalizer" daemon [_thread_blocked, id=9564, stack(0x000000818c900000,0x000000818ca00000)]
  0x000002237fe990f0 JavaThread "Signal Dispatcher" daemon [_thread_blocked, id=20976, stack(0x000000818ca00000,0x000000818cb00000)]
  0x000002237fe99d80 JavaThread "Attach Listener" daemon [_thread_blocked, id=2796, stack(0x000000818cb00000,0x000000818cc00000)]
  0x000002237fe9b2b0 JavaThread "Service Thread" daemon [_thread_blocked, id=16920, stack(0x000000818cc00000,0x000000818cd00000)]
  0x000002237fe9dab0 JavaThread "Monitor Deflation Thread" daemon [_thread_blocked, id=18280, stack(0x000000818cd00000,0x000000818ce00000)]
  0x0000022318f71b00 JavaThread "C2 CompilerThread0" daemon [_thread_blocked, id=1844, stack(0x000000818ce00000,0x000000818cf00000)]
  0x0000022318f74030 JavaThread "C1 CompilerThread0" daemon [_thread_blocked, id=292, stack(0x000000818cf00000,0x000000818d000000)]
  0x0000022318f7c540 JavaThread "Sweeper thread" daemon [_thread_blocked, id=6152, stack(0x000000818d000000,0x000000818d100000)]
  0x00000223190dde70 JavaThread "Common-Cleaner" daemon [_thread_blocked, id=7308, stack(0x000000818d100000,0x000000818d200000)]
  0x00000223190e06f0 JavaThread "Notification Thread" daemon [_thread_blocked, id=13448, stack(0x000000818d300000,0x000000818d400000)]
  0x00000223190de380 JavaThread "Active Thread: Equinox Container: 64b2f56e-3048-427e-a077-1bd864337e8e" [_thread_blocked, id=15128, stack(0x000000818dc00000,0x000000818dd00000)]
  0x00000223190deda0 JavaThread "Framework Event Dispatcher: Equinox Container: 64b2f56e-3048-427e-a077-1bd864337e8e" daemon [_thread_blocked, id=17644, stack(0x000000818db00000,0x000000818dc00000)]
  0x00000223190e01e0 JavaThread "Start Level: Equinox Container: 64b2f56e-3048-427e-a077-1bd864337e8e" daemon [_thread_blocked, id=7560, stack(0x000000818dd00000,0x000000818de00000)]
  0x00000223190e0c00 JavaThread "Bundle File Closer" daemon [_thread_blocked, id=1116, stack(0x000000818df00000,0x000000818e000000)]
  0x00000223190df2b0 JavaThread "SCR Component Actor" daemon [_thread_blocked, id=10392, stack(0x000000818e000000,0x000000818e100000)]
  0x00000223190dd960 JavaThread "Worker-JM" [_thread_blocked, id=22032, stack(0x000000818e200000,0x000000818e300000)]
  0x000002231b1a8ad0 JavaThread "Java indexing" daemon [_thread_blocked, id=7760, stack(0x000000818e600000,0x000000818e700000)]
  0x000002231b1a6c70 JavaThread "JNA Cleaner" daemon [_thread_blocked, id=21180, stack(0x000000818e900000,0x000000818ea00000)]
  0x000002231b1a5d40 JavaThread "Thread-2" daemon [_thread_in_native, id=20036, stack(0x000000818ea00000,0x000000818eb00000)]
  0x000002231b1a2fb0 JavaThread "Thread-3" daemon [_thread_in_native, id=13884, stack(0x000000818eb00000,0x000000818ec00000)]
  0x000002231b1a7180 JavaThread "Thread-4" daemon [_thread_in_native, id=19836, stack(0x000000818ec00000,0x000000818ed00000)]
  0x000002231b1a80b0 JavaThread "Thread-5" daemon [_thread_in_native, id=7136, stack(0x000000818ed00000,0x000000818ee00000)]
  0x000002231b1a6250 JavaThread "Thread-6" daemon [_thread_in_native, id=16400, stack(0x000000818ee00000,0x000000818ef00000)]
  0x000002231b1a6760 JavaThread "Thread-7" daemon [_thread_in_native, id=2912, stack(0x000000818ef00000,0x000000818f000000)]
  0x000002231b1a4e10 JavaThread "Thread-8" daemon [_thread_in_native, id=20620, stack(0x000000818f000000,0x000000818f100000)]
  0x000002231b1a3ee0 JavaThread "Thread-9" daemon [_thread_in_native, id=14420, stack(0x000000818f100000,0x000000818f200000)]
  0x000002231b1a94f0 JavaThread "Thread-10" daemon [_thread_in_native, id=21572, stack(0x000000818f200000,0x000000818f300000)]
  0x000002231b1a9a00 JavaThread "pool-2-thread-1" [_thread_blocked, id=12788, stack(0x000000818f300000,0x000000818f400000)]
  0x000002231b1a85c0 JavaThread "WorkspaceEventsHandler" [_thread_blocked, id=14292, stack(0x000000818f400000,0x000000818f500000)]
  0x000002231b1a8fe0 JavaThread "pool-1-thread-1" [_thread_blocked, id=2244, stack(0x000000818f500000,0x000000818f600000)]
  0x000002231b1a5830 JavaThread "Worker-4: Building" [_thread_blocked, id=4748, stack(0x000000818e500000,0x000000818e600000)]
  0x00000223190df7c0 JavaThread "ForkJoinPool.commonPool-worker-1" daemon [_thread_blocked, id=13292, stack(0x000000818f800000,0x000000818f900000)]
  0x00000223190dd450 JavaThread "ForkJoinPool.commonPool-worker-2" daemon [_thread_blocked, id=13332, stack(0x000000818f900000,0x000000818fa00000)]
  0x000002231b1a43f0 JavaThread "ForkJoinPool.commonPool-worker-3" daemon [_thread_blocked, id=4744, stack(0x000000818fa00000,0x000000818fb00000)]
  0x000002231b1a4900 JavaThread "ForkJoinPool.commonPool-worker-4" daemon [_thread_blocked, id=21204, stack(0x000000818fb00000,0x000000818fc00000)]
  0x000002231ba2bec0 JavaThread "ForkJoinPool.commonPool-worker-6" daemon [_thread_blocked, id=14200, stack(0x0000008190600000,0x0000008190700000)]
  0x000002231ba2c3d0 JavaThread "ForkJoinPool.commonPool-worker-7" daemon [_thread_blocked, id=17288, stack(0x000000818fe00000,0x000000818ff00000)]
  0x000002231ba2cdf0 JavaThread "Cleaner-0" daemon [_thread_blocked, id=7220, stack(0x000000818f700000,0x000000818f800000)]
  0x000002231c0f0c30 JavaThread "ForkJoinPool.commonPool-worker-8" daemon [_thread_blocked, id=13196, stack(0x000000818da00000,0x000000818db00000)]
  0x000002231c0f2580 JavaThread "Java Debug Server" daemon [_thread_in_native, id=21412, stack(0x000000818c400000,0x000000818c500000)]
  0x000002231c0ee3b0 JavaThread "RxSchedulerPurge-1" daemon [_thread_blocked, id=17084, stack(0x000000818e700000,0x000000818e800000)]
  0x000002231c0ef7f0 JavaThread "RxCachedWorkerPoolEvictor-1" daemon [_thread_blocked, id=5648, stack(0x000000818e800000,0x000000818e900000)]
  0x000002231c0f0720 JavaThread "Worker-11" [_thread_blocked, id=9084, stack(0x0000008190000000,0x0000008190100000)]
  0x000002231c0edea0 JavaThread "Worker-12" [_thread_blocked, id=11024, stack(0x000000818c200000,0x000000818c300000)]
  0x000002231c0eb110 JavaThread "Worker-13" [_thread_blocked, id=22336, stack(0x000000818c300000,0x000000818c400000)]
  0x000002231c0f1140 JavaThread "Worker-14" [_thread_blocked, id=22440, stack(0x000000818e100000,0x000000818e200000)]
  0x000002231e6b7050 JavaThread "C2 CompilerThread1" daemon [_thread_blocked, id=11472, stack(0x000000818e300000,0x000000818e400000)]
  0x000002231c0f2a90 JavaThread "ParallelDescriptorResolver-7-0" daemon [_thread_blocked, id=17504, stack(0x000000818fc00000,0x000000818fd00000)]
  0x000002231c0f1650 JavaThread "ParallelDescriptorResolver-7-1" daemon [_thread_blocked, id=16924, stack(0x000000818fd00000,0x000000818fe00000)]
  0x000002231c0f2070 JavaThread "ParallelDescriptorResolver-7-2" daemon [_thread_blocked, id=22096, stack(0x000000818ff00000,0x0000008190000000)]
  0x000002231c0efd00 JavaThread "ParallelDescriptorResolver-7-3" daemon [_thread_blocked, id=4112, stack(0x0000008190100000,0x0000008190200000)]
  0x000002231c0eb620 JavaThread "ParallelDescriptorResolver-7-4" daemon [_thread_blocked, id=9900, stack(0x0000008190200000,0x0000008190300000)]

Other Threads:
  0x000002237fe8f860 VMThread "VM Thread" [stack: 0x000000818c700000,0x000000818c800000] [id=18416]
  0x0000022319258420 WatcherThread [stack: 0x000000818d400000,0x000000818d500000] [id=1188]
  0x000002237fbf0c10 GCTaskThread "GC Thread#0" [stack: 0x000000818c600000,0x000000818c700000] [id=20548]
  0x000002231a551110 GCTaskThread "GC Thread#1" [stack: 0x000000818d200000,0x000000818d300000] [id=13568]
  0x000002231a543850 GCTaskThread "GC Thread#2" [stack: 0x000000818d500000,0x000000818d600000] [id=18304]
  0x000002231a543b10 GCTaskThread "GC Thread#3" [stack: 0x000000818d600000,0x000000818d700000] [id=4836]
  0x000002231a543dd0 GCTaskThread "GC Thread#4" [stack: 0x000000818d700000,0x000000818d800000] [id=2976]
  0x000002231a544090 GCTaskThread "GC Thread#5" [stack: 0x000000818d800000,0x000000818d900000] [id=6920]
  0x000002231a544350 GCTaskThread "GC Thread#6" [stack: 0x000000818d900000,0x000000818da00000] [id=20560]
=>0x000002231a661960 GCTaskThread "GC Thread#7" [stack: 0x000000818de00000,0x000000818df00000] [id=10456]

Threads with active compile tasks:
C2 CompilerThread0   578863 22165   !   4       org.apache.maven.model.Model::clone (502 bytes)
C2 CompilerThread1   578863 22205       4       org.apache.maven.model.io.xpp3.MavenXpp3Reader::parsePlugin (519 bytes)

VM state: at safepoint (normal execution)

VM Mutex/Monitor currently owned by a thread:  ([mutex/lock_event])
[0x000002237fbd8de0] Threads_lock - owner thread: 0x000002237fe8f860
[0x000002237fbd8060] Heap_lock - owner thread: 0x000002231c0f2a90

Heap address: 0x00000000c0000000, size: 1024 MB, Compressed Oops mode: 32-bit

CDS archive(s) not mapped
Compressed class space mapped at: 0x0000000100000000-0x0000000140000000, reserved size: 1073741824
Narrow klass base: 0x0000000000000000, Narrow klass shift: 3, Narrow klass range: 0x140000000

GC Precious Log:
 CPUs: 8 total, 8 available
 Memory: 16253M
 Large Page Support: Disabled
 NUMA Support: Disabled
 Compressed Oops: Enabled (32-bit)
 Alignments: Space 512K, Generation 512K, Heap 2M
 Heap Min Capacity: 100M
 Heap Initial Capacity: 100M
 Heap Max Capacity: 1G
 Pre-touch: Disabled
 Parallel Workers: 8

Heap:
 PSYoungGen      total 5632K, used 832K [0x00000000eab00000, 0x00000000eb180000, 0x0000000100000000)
  eden space 4608K, 0% used [0x00000000eab00000,0x00000000eab00000,0x00000000eaf80000)
  from space 1024K, 81% used [0x00000000eaf80000,0x00000000eb050000,0x00000000eb080000)
  to   space 1024K, 0% used [0x00000000eb080000,0x00000000eb080000,0x00000000eb180000)
 ParOldGen       total 315904K, used 315814K [0x00000000c0000000, 0x00000000d3480000, 0x00000000eab00000)
  object space 315904K, 99% used [0x00000000c0000000,0x00000000d3469808,0x00000000d3480000)
 Metaspace       used 93746K, committed 95296K, reserved 1179648K
  class space    used 9552K, committed 10240K, reserved 1048576K

Card table byte_map: [0x000002237f580000,0x000002237f790000] _byte_map_base: 0x000002237ef80000

Marking Bits: (ParMarkBitMap*) 0x00007ffb320dd7d0
 Begin Bits: [0x0000022311be0000, 0x0000022312be0000)
 End Bits:   [0x0000022312be0000, 0x0000022313be0000)

Polling page: 0x000002237db10000

Metaspace:

Usage:
  Non-class:     82.22 MB used.
      Class:      9.33 MB used.
       Both:     91.55 MB used.

Virtual space:
  Non-class space:      128.00 MB reserved,      83.06 MB ( 65%) committed,  2 nodes.
      Class space:        1.00 GB reserved,      10.00 MB ( <1%) committed,  1 nodes.
             Both:        1.12 GB reserved,      93.06 MB (  8%) committed. 

Chunk freelists:
   Non-Class:  12.95 MB
       Class:  5.95 MB
        Both:  18.90 MB

MaxMetaspaceSize: unlimited
CompressedClassSpaceSize: 1.00 GB
Initial GC threshold: 21.00 MB
Current GC threshold: 153.44 MB
CDS: off
MetaspaceReclaimPolicy: balanced
 - commit_granule_bytes: 65536.
 - commit_granule_words: 8192.
 - virtual_space_node_default_size: 8388608.
 - enlarge_chunks_in_place: 1.
 - new_chunks_are_fully_committed: 0.
 - uncommit_free_chunks: 1.
 - use_allocation_guard: 0.
 - handle_deallocations: 1.


Internal statistics:

num_allocs_failed_limit: 6.
num_arena_births: 1184.
num_arena_deaths: 18.
num_vsnodes_births: 3.
num_vsnodes_deaths: 0.
num_space_committed: 1489.
num_space_uncommitted: 0.
num_chunks_returned_to_freelist: 26.
num_chunks_taken_from_freelist: 5366.
num_chunk_merges: 11.
num_chunk_splits: 3282.
num_chunks_enlarged: 1852.
num_inconsistent_stats: 0.

CodeHeap 'non-profiled nmethods': size=120000Kb used=16729Kb max_used=16729Kb free=103271Kb
 bounds [0x000002230a6b0000, 0x000002230b710000, 0x0000022311be0000]
CodeHeap 'profiled nmethods': size=120000Kb used=37893Kb max_used=37893Kb free=82107Kb
 bounds [0x0000022302be0000, 0x00000223050f0000, 0x000002230a110000]
CodeHeap 'non-nmethods': size=5760Kb used=1439Kb max_used=1526Kb free=4320Kb
 bounds [0x000002230a110000, 0x000002230a380000, 0x000002230a6b0000]
 total_blobs=17324 nmethods=16528 adapters=701
 compilation: enabled
              stopped_count=0, restarted_count=0
 full_count=0

Compilation events (20 events):
Event: 578.732 Thread 0x0000022318f74030 22220       3       org.eclipse.aether.resolution.VersionRangeRequest::<init> (18 bytes)
Event: 578.732 Thread 0x0000022318f74030 nmethod 22220 0x00000223050e6690 code [0x00000223050e6840, 0x00000223050e6a38]
Event: 578.732 Thread 0x0000022318f74030 22221       3       org.eclipse.aether.internal.impl.collect.DependencyCollectorDelegate::createVersionRangeRequest (43 bytes)
Event: 578.733 Thread 0x0000022318f74030 nmethod 22221 0x00000223050e6b10 code [0x00000223050e6d00, 0x00000223050e72d8]
Event: 578.733 Thread 0x0000022318f74030 22222       3       org.eclipse.aether.internal.impl.collect.DataPool$Constraint$VersionRepo::<init> (15 bytes)
Event: 578.733 Thread 0x0000022318f74030 nmethod 22222 0x00000223050e7590 code [0x00000223050e7720, 0x00000223050e78b8]
Event: 578.734 Thread 0x0000022318f74030 22223       3       org.eclipse.aether.internal.impl.collect.DataPool$GoodDescriptor::<init> (53 bytes)
Event: 578.734 Thread 0x0000022318f74030 nmethod 22223 0x00000223050e7990 code [0x00000223050e7b40, 0x00000223050e7e18]
Event: 578.734 Thread 0x0000022318f74030 22224       3       org.eclipse.aether.internal.impl.collect.DataPool$Descriptor::<init> (5 bytes)
Event: 578.734 Thread 0x0000022318f74030 nmethod 22224 0x00000223050e7f90 code [0x00000223050e8120, 0x00000223050e8278]
Event: 578.734 Thread 0x0000022318f74030 22225       3       org.eclipse.aether.internal.impl.collect.bf.BfDependencyCollector::lambda$resolveArtifactDescriptorAsync$2 (22 bytes)
Event: 578.735 Thread 0x0000022318f74030 nmethod 22225 0x00000223050e8310 code [0x00000223050e84c0, 0x00000223050e8838]
Event: 578.735 Thread 0x0000022318f74030 22226       3       org.eclipse.aether.internal.impl.collect.bf.DependencyResolutionSkipper$DefaultDependencyResolutionSkipper$CacheManager::cacheWinner (43 bytes)
Event: 578.735 Thread 0x0000022318f74030 nmethod 22226 0x00000223050e8990 code [0x00000223050e8b60, 0x00000223050e8f28]
Event: 578.736 Thread 0x0000022318f74030 22227       3       org.eclipse.aether.internal.impl.collect.bf.BfDependencyCollector$$Lambda$507/0x0000000100686998::accept (32 bytes)
Event: 578.739 Thread 0x0000022318f74030 nmethod 22227 0x00000223050e9110 code [0x00000223050e92c0, 0x00000223050e9548]
Event: 578.746 Thread 0x0000022318f74030 22228       3       org.eclipse.aether.internal.impl.collect.DataPool$HardInternPool$$Lambda$511/0x0000000100687b00::apply (9 bytes)
Event: 578.747 Thread 0x0000022318f74030 nmethod 22228 0x00000223050e9610 code [0x00000223050e97a0, 0x00000223050e98f8]
Event: 578.747 Thread 0x0000022318f74030 22229       3       org.eclipse.aether.internal.impl.collect.DataPool$HardInternPool::get (9 bytes)
Event: 578.747 Thread 0x0000022318f74030 nmethod 22229 0x00000223050e9990 code [0x00000223050e9b40, 0x00000223050e9d08]

GC Heap History (20 events):
Event: 578.447 GC heap after
{Heap after GC invocations=1520 (full 36):
 PSYoungGen      total 4608K, used 1024K [0x00000000eab00000, 0x00000000eb500000, 0x0000000100000000)
  eden space 3584K, 0% used [0x00000000eab00000,0x00000000eab00000,0x00000000eae80000)
  from space 1024K, 100% used [0x00000000eb100000,0x00000000eb200000,0x00000000eb200000)
  to   space 2560K, 0% used [0x00000000eae80000,0x00000000eae80000,0x00000000eb100000)
 ParOldGen       total 315904K, used 312235K [0x00000000c0000000, 0x00000000d3480000, 0x00000000eab00000)
  object space 315904K, 98% used [0x00000000c0000000,0x00000000d30ead08,0x00000000d3480000)
 Metaspace       used 93716K, committed 95296K, reserved 1179648K
  class space    used 9552K, committed 10240K, reserved 1048576K
}
Event: 578.475 GC heap before
{Heap before GC invocations=1521 (full 36):
 PSYoungGen      total 4608K, used 4608K [0x00000000eab00000, 0x00000000eb500000, 0x0000000100000000)
  eden space 3584K, 100% used [0x00000000eab00000,0x00000000eae80000,0x00000000eae80000)
  from space 1024K, 100% used [0x00000000eb100000,0x00000000eb200000,0x00000000eb200000)
  to   space 2560K, 0% used [0x00000000eae80000,0x00000000eae80000,0x00000000eb100000)
 ParOldGen       total 315904K, used 312235K [0x00000000c0000000, 0x00000000d3480000, 0x00000000eab00000)
  object space 315904K, 98% used [0x00000000c0000000,0x00000000d30ead08,0x00000000d3480000)
 Metaspace       used 93716K, committed 95296K, reserved 1179648K
  class space    used 9552K, committed 10240K, reserved 1048576K
}
Event: 578.476 GC heap after
{Heap after GC invocations=1521 (full 36):
 PSYoungGen      total 5120K, used 1408K [0x00000000eab00000, 0x00000000eb280000, 0x0000000100000000)
  eden space 3584K, 0% used [0x00000000eab00000,0x00000000eab00000,0x00000000eae80000)
  from space 1536K, 91% used [0x00000000eae80000,0x00000000eafe0000,0x00000000eb000000)
  to   space 2048K, 0% used [0x00000000eb080000,0x00000000eb080000,0x00000000eb280000)
 ParOldGen       total 315904K, used 312483K [0x00000000c0000000, 0x00000000d3480000, 0x00000000eab00000)
  object space 315904K, 98% used [0x00000000c0000000,0x00000000d3128d08,0x00000000d3480000)
 Metaspace       used 93716K, committed 95296K, reserved 1179648K
  class space    used 9552K, committed 10240K, reserved 1048576K
}
Event: 578.516 GC heap before
{Heap before GC invocations=1522 (full 36):
 PSYoungGen      total 5120K, used 4992K [0x00000000eab00000, 0x00000000eb280000, 0x0000000100000000)
  eden space 3584K, 100% used [0x00000000eab00000,0x00000000eae80000,0x00000000eae80000)
  from space 1536K, 91% used [0x00000000eae80000,0x00000000eafe0000,0x00000000eb000000)
  to   space 2048K, 0% used [0x00000000eb080000,0x00000000eb080000,0x00000000eb280000)
 ParOldGen       total 315904K, used 312483K [0x00000000c0000000, 0x00000000d3480000, 0x00000000eab00000)
  object space 315904K, 98% used [0x00000000c0000000,0x00000000d3128d08,0x00000000d3480000)
 Metaspace       used 93716K, committed 95296K, reserved 1179648K
  class space    used 9552K, committed 10240K, reserved 1048576K
}
Event: 578.518 GC heap after
{Heap after GC invocations=1522 (full 36):
 PSYoungGen      total 5120K, used 1408K [0x00000000eab00000, 0x00000000eb200000, 0x0000000100000000)
  eden space 3584K, 0% used [0x00000000eab00000,0x00000000eab00000,0x00000000eae80000)
  from space 1536K, 91% used [0x00000000eb080000,0x00000000eb1e0000,0x00000000eb200000)
  to   space 1536K, 0% used [0x00000000eae80000,0x00000000eae80000,0x00000000eb000000)
 ParOldGen       total 315904K, used 312483K [0x00000000c0000000, 0x00000000d3480000, 0x00000000eab00000)
  object space 315904K, 98% used [0x00000000c0000000,0x00000000d3128d08,0x00000000d3480000)
 Metaspace       used 93716K, committed 95296K, reserved 1179648K
  class space    used 9552K, committed 10240K, reserved 1048576K
}
Event: 578.671 GC heap before
{Heap before GC invocations=1523 (full 36):
 PSYoungGen      total 5120K, used 4992K [0x00000000eab00000, 0x00000000eb200000, 0x0000000100000000)
  eden space 3584K, 100% used [0x00000000eab00000,0x00000000eae80000,0x00000000eae80000)
  from space 1536K, 91% used [0x00000000eb080000,0x00000000eb1e0000,0x00000000eb200000)
  to   space 1536K, 0% used [0x00000000eae80000,0x00000000eae80000,0x00000000eb000000)
 ParOldGen       total 315904K, used 312483K [0x00000000c0000000, 0x00000000d3480000, 0x00000000eab00000)
  object space 315904K, 98% used [0x00000000c0000000,0x00000000d3128d08,0x00000000d3480000)
 Metaspace       used 93718K, committed 95296K, reserved 1179648K
  class space    used 9552K, committed 10240K, reserved 1048576K
}
Event: 578.673 GC heap after
{Heap after GC invocations=1523 (full 36):
 PSYoungGen      total 5120K, used 1536K [0x00000000eab00000, 0x00000000eb280000, 0x0000000100000000)
  eden space 3584K, 0% used [0x00000000eab00000,0x00000000eab00000,0x00000000eae80000)
  from space 1536K, 100% used [0x00000000eae80000,0x00000000eb000000,0x00000000eb000000)
  to   space 2048K, 0% used [0x00000000eb080000,0x00000000eb080000,0x00000000eb280000)
 ParOldGen       total 315904K, used 312483K [0x00000000c0000000, 0x00000000d3480000, 0x00000000eab00000)
  object space 315904K, 98% used [0x00000000c0000000,0x00000000d3128d08,0x00000000d3480000)
 Metaspace       used 93718K, committed 95296K, reserved 1179648K
  class space    used 9552K, committed 10240K, reserved 1048576K
}
Event: 578.686 GC heap before
{Heap before GC invocations=1524 (full 36):
 PSYoungGen      total 5120K, used 5120K [0x00000000eab00000, 0x00000000eb280000, 0x0000000100000000)
  eden space 3584K, 100% used [0x00000000eab00000,0x00000000eae80000,0x00000000eae80000)
  from space 1536K, 100% used [0x00000000eae80000,0x00000000eb000000,0x00000000eb000000)
  to   space 2048K, 0% used [0x00000000eb080000,0x00000000eb080000,0x00000000eb280000)
 ParOldGen       total 315904K, used 312483K [0x00000000c0000000, 0x00000000d3480000, 0x00000000eab00000)
  object space 315904K, 98% used [0x00000000c0000000,0x00000000d3128d08,0x00000000d3480000)
 Metaspace       used 93727K, committed 95296K, reserved 1179648K
  class space    used 9552K, committed 10240K, reserved 1048576K
}
Event: 578.689 GC heap after
{Heap after GC invocations=1524 (full 36):
 PSYoungGen      total 5120K, used 2048K [0x00000000eab00000, 0x00000000eb380000, 0x0000000100000000)
  eden space 3072K, 0% used [0x00000000eab00000,0x00000000eab00000,0x00000000eae00000)
  from space 2048K, 100% used [0x00000000eb080000,0x00000000eb280000,0x00000000eb280000)
  to   space 2560K, 0% used [0x00000000eae00000,0x00000000eae00000,0x00000000eb080000)
 ParOldGen       total 315904K, used 312627K [0x00000000c0000000, 0x00000000d3480000, 0x00000000eab00000)
  object space 315904K, 98% used [0x00000000c0000000,0x00000000d314cd08,0x00000000d3480000)
 Metaspace       used 93727K, committed 95296K, reserved 1179648K
  class space    used 9552K, committed 10240K, reserved 1048576K
}
Event: 578.697 GC heap before
{Heap before GC invocations=1525 (full 36):
 PSYoungGen      total 5120K, used 5120K [0x00000000eab00000, 0x00000000eb380000, 0x0000000100000000)
  eden space 3072K, 100% used [0x00000000eab00000,0x00000000eae00000,0x00000000eae00000)
  from space 2048K, 100% used [0x00000000eb080000,0x00000000eb280000,0x00000000eb280000)
  to   space 2560K, 0% used [0x00000000eae00000,0x00000000eae00000,0x00000000eb080000)
 ParOldGen       total 315904K, used 312627K [0x00000000c0000000, 0x00000000d3480000, 0x00000000eab00000)
  object space 315904K, 98% used [0x00000000c0000000,0x00000000d314cd08,0x00000000d3480000)
 Metaspace       used 93728K, committed 95296K, reserved 1179648K
  class space    used 9552K, committed 10240K, reserved 1048576K
}
Event: 578.699 GC heap after
{Heap after GC invocations=1525 (full 36):
 PSYoungGen      total 5632K, used 1984K [0x00000000eab00000, 0x00000000eb300000, 0x0000000100000000)
  eden space 3072K, 0% used [0x00000000eab00000,0x00000000eab00000,0x00000000eae00000)
  from space 2560K, 77% used [0x00000000eae00000,0x00000000eaff0000,0x00000000eb080000)
  to   space 2560K, 0% used [0x00000000eb080000,0x00000000eb080000,0x00000000eb300000)
 ParOldGen       total 315904K, used 313155K [0x00000000c0000000, 0x00000000d3480000, 0x00000000eab00000)
  object space 315904K, 99% used [0x00000000c0000000,0x00000000d31d0d08,0x00000000d3480000)
 Metaspace       used 93728K, committed 95296K, reserved 1179648K
  class space    used 9552K, committed 10240K, reserved 1048576K
}
Event: 578.708 GC heap before
{Heap before GC invocations=1526 (full 36):
 PSYoungGen      total 5632K, used 5056K [0x00000000eab00000, 0x00000000eb300000, 0x0000000100000000)
  eden space 3072K, 100% used [0x00000000eab00000,0x00000000eae00000,0x00000000eae00000)
  from space 2560K, 77% used [0x00000000eae00000,0x00000000eaff0000,0x00000000eb080000)
  to   space 2560K, 0% used [0x00000000eb080000,0x00000000eb080000,0x00000000eb300000)
 ParOldGen       total 315904K, used 313155K [0x00000000c0000000, 0x00000000d3480000, 0x00000000eab00000)
  object space 315904K, 99% used [0x00000000c0000000,0x00000000d31d0d08,0x00000000d3480000)
 Metaspace       used 93732K, committed 95296K, reserved 1179648K
  class space    used 9552K, committed 10240K, reserved 1048576K
}
Event: 578.711 GC heap after
{Heap after GC invocations=1526 (full 36):
 PSYoungGen      total 5120K, used 1552K [0x00000000eab00000, 0x00000000eb280000, 0x0000000100000000)
  eden space 3072K, 0% used [0x00000000eab00000,0x00000000eab00000,0x00000000eae00000)
  from space 2048K, 75% used [0x00000000eb080000,0x00000000eb204010,0x00000000eb280000)
  to   space 2048K, 0% used [0x00000000eae80000,0x00000000eae80000,0x00000000eb080000)
 ParOldGen       total 315904K, used 313857K [0x00000000c0000000, 0x00000000d3480000, 0x00000000eab00000)
  object space 315904K, 99% used [0x00000000c0000000,0x00000000d3280420,0x00000000d3480000)
 Metaspace       used 93732K, committed 95296K, reserved 1179648K
  class space    used 9552K, committed 10240K, reserved 1048576K
}
Event: 578.720 GC heap before
{Heap before GC invocations=1527 (full 36):
 PSYoungGen      total 5120K, used 4618K [0x00000000eab00000, 0x00000000eb280000, 0x0000000100000000)
  eden space 3072K, 99% used [0x00000000eab00000,0x00000000eadfeaf0,0x00000000eae00000)
  from space 2048K, 75% used [0x00000000eb080000,0x00000000eb204010,0x00000000eb280000)
  to   space 2048K, 0% used [0x00000000eae80000,0x00000000eae80000,0x00000000eb080000)
 ParOldGen       total 315904K, used 313857K [0x00000000c0000000, 0x00000000d3480000, 0x00000000eab00000)
  object space 315904K, 99% used [0x00000000c0000000,0x00000000d3280420,0x00000000d3480000)
 Metaspace       used 93741K, committed 95296K, reserved 1179648K
  class space    used 9552K, committed 10240K, reserved 1048576K
}
Event: 578.723 GC heap after
{Heap after GC invocations=1527 (full 36):
 PSYoungGen      total 5632K, used 1056K [0x00000000eab00000, 0x00000000eb200000, 0x0000000100000000)
  eden space 3584K, 0% used [0x00000000eab00000,0x00000000eab00000,0x00000000eae80000)
  from space 2048K, 51% used [0x00000000eae80000,0x00000000eaf88000,0x00000000eb080000)
  to   space 1536K, 0% used [0x00000000eb080000,0x00000000eb080000,0x00000000eb200000)
 ParOldGen       total 315904K, used 314638K [0x00000000c0000000, 0x00000000d3480000, 0x00000000eab00000)
  object space 315904K, 99% used [0x00000000c0000000,0x00000000d3343808,0x00000000d3480000)
 Metaspace       used 93741K, committed 95296K, reserved 1179648K
  class space    used 9552K, committed 10240K, reserved 1048576K
}
Event: 578.736 GC heap before
{Heap before GC invocations=1528 (full 36):
 PSYoungGen      total 5632K, used 4638K [0x00000000eab00000, 0x00000000eb200000, 0x0000000100000000)
  eden space 3584K, 99% used [0x00000000eab00000,0x00000000eae7f890,0x00000000eae80000)
  from space 2048K, 51% used [0x00000000eae80000,0x00000000eaf88000,0x00000000eb080000)
  to   space 1536K, 0% used [0x00000000eb080000,0x00000000eb080000,0x00000000eb200000)
 ParOldGen       total 315904K, used 314638K [0x00000000c0000000, 0x00000000d3480000, 0x00000000eab00000)
  object space 315904K, 99% used [0x00000000c0000000,0x00000000d3343808,0x00000000d3480000)
 Metaspace       used 93746K, committed 95296K, reserved 1179648K
  class space    used 9552K, committed 10240K, reserved 1048576K
}
Event: 578.738 GC heap after
{Heap after GC invocations=1528 (full 36):
 PSYoungGen      total 4608K, used 912K [0x00000000eab00000, 0x00000000eb180000, 0x0000000100000000)
  eden space 3584K, 0% used [0x00000000eab00000,0x00000000eab00000,0x00000000eae80000)
  from space 1024K, 89% used [0x00000000eb080000,0x00000000eb164010,0x00000000eb180000)
  to   space 1024K, 0% used [0x00000000eaf80000,0x00000000eaf80000,0x00000000eb080000)
 ParOldGen       total 315904K, used 315046K [0x00000000c0000000, 0x00000000d3480000, 0x00000000eab00000)
  object space 315904K, 99% used [0x00000000c0000000,0x00000000d33a9808,0x00000000d3480000)
 Metaspace       used 93746K, committed 95296K, reserved 1179648K
  class space    used 9552K, committed 10240K, reserved 1048576K
}
Event: 578.749 GC heap before
{Heap before GC invocations=1529 (full 36):
 PSYoungGen      total 4608K, used 4496K [0x00000000eab00000, 0x00000000eb180000, 0x0000000100000000)
  eden space 3584K, 99% used [0x00000000eab00000,0x00000000eae7fff8,0x00000000eae80000)
  from space 1024K, 89% used [0x00000000eb080000,0x00000000eb164010,0x00000000eb180000)
  to   space 1024K, 0% used [0x00000000eaf80000,0x00000000eaf80000,0x00000000eb080000)
 ParOldGen       total 315904K, used 315046K [0x00000000c0000000, 0x00000000d3480000, 0x00000000eab00000)
  object space 315904K, 99% used [0x00000000c0000000,0x00000000d33a9808,0x00000000d3480000)
 Metaspace       used 93746K, committed 95296K, reserved 1179648K
  class space    used 9552K, committed 10240K, reserved 1048576K
}
Event: 578.752 GC heap after
{Heap after GC invocations=1529 (full 36):
 PSYoungGen      total 5632K, used 832K [0x00000000eab00000, 0x00000000eb180000, 0x0000000100000000)
  eden space 4608K, 0% used [0x00000000eab00000,0x00000000eab00000,0x00000000eaf80000)
  from space 1024K, 81% used [0x00000000eaf80000,0x00000000eb050000,0x00000000eb080000)
  to   space 1024K, 0% used [0x00000000eb080000,0x00000000eb080000,0x00000000eb180000)
 ParOldGen       total 315904K, used 315814K [0x00000000c0000000, 0x00000000d3480000, 0x00000000eab00000)
  object space 315904K, 99% used [0x00000000c0000000,0x00000000d3469808,0x00000000d3480000)
 Metaspace       used 93746K, committed 95296K, reserved 1179648K
  class space    used 9552K, committed 10240K, reserved 1048576K
}
Event: 578.752 GC heap before
{Heap before GC invocations=1530 (full 37):
 PSYoungGen      total 5632K, used 832K [0x00000000eab00000, 0x00000000eb180000, 0x0000000100000000)
  eden space 4608K, 0% used [0x00000000eab00000,0x00000000eab00000,0x00000000eaf80000)
  from space 1024K, 81% used [0x00000000eaf80000,0x00000000eb050000,0x00000000eb080000)
  to   space 1024K, 0% used [0x00000000eb080000,0x00000000eb080000,0x00000000eb180000)
 ParOldGen       total 315904K, used 315814K [0x00000000c0000000, 0x00000000d3480000, 0x00000000eab00000)
  object space 315904K, 99% used [0x00000000c0000000,0x00000000d3469808,0x00000000d3480000)
 Metaspace       used 93746K, committed 95296K, reserved 1179648K
  class space    used 9552K, committed 10240K, reserved 1048576K
}

Dll operation events (13 events):
Event: 0.011 Loaded shared library c:\Users\User\.vscode\extensions\redhat.java-1.30.0-win32-x64\jre\17.0.10-win32-x86_64\bin\java.dll
Event: 0.205 Loaded shared library c:\Users\User\.vscode\extensions\redhat.java-1.30.0-win32-x64\jre\17.0.10-win32-x86_64\bin\zip.dll
Event: 0.209 Loaded shared library C:\Users\User\.vscode\extensions\redhat.java-1.30.0-win32-x64\jre\17.0.10-win32-x86_64\bin\instrument.dll
Event: 0.224 Loaded shared library C:\Users\User\.vscode\extensions\redhat.java-1.30.0-win32-x64\jre\17.0.10-win32-x86_64\bin\net.dll
Event: 0.227 Loaded shared library C:\Users\User\.vscode\extensions\redhat.java-1.30.0-win32-x64\jre\17.0.10-win32-x86_64\bin\nio.dll
Event: 0.238 Loaded shared library C:\Users\User\.vscode\extensions\redhat.java-1.30.0-win32-x64\jre\17.0.10-win32-x86_64\bin\zip.dll
Event: 0.258 Loaded shared library C:\Users\User\.vscode\extensions\redhat.java-1.30.0-win32-x64\jre\17.0.10-win32-x86_64\bin\jimage.dll
Event: 0.341 Loaded shared library c:\Users\User\.vscode\extensions\redhat.java-1.30.0-win32-x64\jre\17.0.10-win32-x86_64\bin\verify.dll
Event: 2.170 Loaded shared library C:\Users\User\AppData\Roaming\Code\User\globalStorage\redhat.java\1.30.0\config_win\org.eclipse.equinox.launcher\org.eclipse.equinox.launcher.win32.win32.x86_64_1.2.900.v20240213-1244\eclipse_11900.dll
Event: 3.977 Loaded shared library C:\Users\User\.vscode\extensions\redhat.java-1.30.0-win32-x64\jre\17.0.10-win32-x86_64\bin\management.dll
Event: 3.980 Loaded shared library C:\Users\User\.vscode\extensions\redhat.java-1.30.0-win32-x64\jre\17.0.10-win32-x86_64\bin\management_ext.dll
Event: 6.245 Loaded shared library C:\Users\User\AppData\Local\Temp\jna-2645995\jna8392030803884144610.dll
Event: 327.119 Loaded shared library C:\Users\User\.vscode\extensions\redhat.java-1.30.0-win32-x64\jre\17.0.10-win32-x86_64\bin\extnet.dll

Deoptimization events (20 events):
Event: 569.953 Thread 0x000002231c0eb110 DEOPT PACKING pc=0x000002230b45ae74 sp=0x000000818c3fc1e0
Event: 569.953 Thread 0x000002231c0eb110 DEOPT UNPACKING pc=0x000002230a1666a3 sp=0x000000818c3fc178 mode 2
Event: 570.001 Thread 0x000002231c0eb110 Uncommon trap: trap_request=0xffffff6e fr.pc=0x000002230aae8d64 relative=0x0000000000001184
Event: 570.001 Thread 0x000002231c0eb110 Uncommon trap: reason=loop_limit_check action=maybe_recompile pc=0x000002230aae8d64 method=org.codehaus.plexus.util.SelectorUtils.match([C[CZ)Z @ 280 c2
Event: 570.001 Thread 0x000002231c0eb110 DEOPT PACKING pc=0x000002230aae8d64 sp=0x000000818c3fd110
Event: 570.001 Thread 0x000002231c0eb110 DEOPT UNPACKING pc=0x000002230a1666a3 sp=0x000000818c3fd0a0 mode 2
Event: 570.005 Thread 0x000002231c0eb110 DEOPT PACKING pc=0x0000022302fc4ea2 sp=0x000000818c3fd660
Event: 570.005 Thread 0x000002231c0eb110 DEOPT UNPACKING pc=0x000002230a166e43 sp=0x000000818c3fcb48 mode 0
Event: 578.407 Thread 0x000002231b1a5830 Uncommon trap: trap_request=0xffffffde fr.pc=0x000002230aeb06fc relative=0x00000000000004bc
Event: 578.407 Thread 0x000002231b1a5830 Uncommon trap: reason=class_check action=maybe_recompile pc=0x000002230aeb06fc method=java.util.AbstractMap.hashCode()I @ 3 c2
Event: 578.407 Thread 0x000002231b1a5830 DEOPT PACKING pc=0x000002230aeb06fc sp=0x000000818e5fdb00
Event: 578.407 Thread 0x000002231b1a5830 DEOPT UNPACKING pc=0x000002230a1666a3 sp=0x000000818e5fdaa0 mode 2
Event: 578.457 Thread 0x000002231b1a5830 Uncommon trap: trap_request=0xffffffe4 fr.pc=0x000002230b6ff25c relative=0x00000000000001bc
Event: 578.457 Thread 0x000002231b1a5830 Uncommon trap: reason=range_check action=make_not_entrant pc=0x000002230b6ff25c method=java.util.LinkedHashMap.valuesToArray([Ljava/lang/Object;)[Ljava/lang/Object; @ 25 c2
Event: 578.457 Thread 0x000002231b1a5830 DEOPT PACKING pc=0x000002230b6ff25c sp=0x000000818e5fccf0
Event: 578.457 Thread 0x000002231b1a5830 DEOPT UNPACKING pc=0x000002230a1666a3 sp=0x000000818e5fcc78 mode 2
Event: 578.667 Thread 0x000002231b1a5830 Uncommon trap: trap_request=0xffffff66 fr.pc=0x000002230b36ba6c relative=0x00000000000000cc
Event: 578.667 Thread 0x000002231b1a5830 Uncommon trap: reason=speculate_class_check action=maybe_recompile pc=0x000002230b36ba6c method=java.util.function.Predicate.lambda$negate$1(Ljava/lang/Object;)Z @ 2 c2
Event: 578.667 Thread 0x000002231b1a5830 DEOPT PACKING pc=0x000002230b36ba6c sp=0x000000818e5fd5f0
Event: 578.667 Thread 0x000002231b1a5830 DEOPT UNPACKING pc=0x000002230a1666a3 sp=0x000000818e5fd510 mode 2

Classes unloaded (9 events):
Event: 5.950 Thread 0x000002237fe8f860 Unloading class 0x0000000100252400 'java/lang/invoke/LambdaForm$MH+0x0000000100252400'
Event: 5.950 Thread 0x000002237fe8f860 Unloading class 0x0000000100252000 'java/lang/invoke/LambdaForm$MH+0x0000000100252000'
Event: 5.950 Thread 0x000002237fe8f860 Unloading class 0x0000000100251c00 'java/lang/invoke/LambdaForm$MH+0x0000000100251c00'
Event: 5.950 Thread 0x000002237fe8f860 Unloading class 0x0000000100251800 'java/lang/invoke/LambdaForm$MH+0x0000000100251800'
Event: 5.950 Thread 0x000002237fe8f860 Unloading class 0x0000000100251400 'java/lang/invoke/LambdaForm$BMH+0x0000000100251400'
Event: 5.950 Thread 0x000002237fe8f860 Unloading class 0x0000000100251000 'java/lang/invoke/LambdaForm$DMH+0x0000000100251000'
Event: 5.950 Thread 0x000002237fe8f860 Unloading class 0x000000010024c400 'java/lang/invoke/LambdaForm$DMH+0x000000010024c400'
Event: 19.115 Thread 0x000002237fe8f860 Unloading class 0x0000000100688c00 'java/lang/invoke/LambdaForm$DMH+0x0000000100688c00'
Event: 19.115 Thread 0x000002237fe8f860 Unloading class 0x0000000100688800 'java/lang/invoke/LambdaForm$DMH+0x0000000100688800'

Classes redefined (0 events):
No events

Internal exceptions (20 events):
Event: 327.433 Thread 0x000002231c0ec550 Exception <a 'java/lang/NoSuchMethodError'{0x00000000eab19ab0}: 'void java.lang.invoke.DirectMethodHandle$Holder.invokeStatic(java.lang.Object, java.lang.Object, java.lang.Object, java.lang.Object, java.lang.Object, java.lang.Object, java.lang.Object)'> (0x00000000eab19ab0) 
thrown [s\src\hotspot\share\interpreter\linkResolver.cpp, line 759]
Event: 383.288 Thread 0x000002231c0ef2e0 Exception <a 'sun/nio/fs/WindowsException'{0x00000000eb1af880}> (0x00000000eb1af880) 
thrown [s\src\hotspot\share\prims\jni.cpp, line 516]
Event: 383.288 Thread 0x000002231c0ef2e0 Exception <a 'sun/nio/fs/WindowsException'{0x00000000eb1afb50}> (0x00000000eb1afb50) 
thrown [s\src\hotspot\share\prims\jni.cpp, line 516]
Event: 383.288 Thread 0x000002231c0ef2e0 Exception <a 'sun/nio/fs/WindowsException'{0x00000000eb1b04b0}> (0x00000000eb1b04b0) 
thrown [s\src\hotspot\share\prims\jni.cpp, line 516]
Event: 383.288 Thread 0x000002231c0ef2e0 Exception <a 'sun/nio/fs/WindowsException'{0x00000000eb1b0780}> (0x00000000eb1b0780) 
thrown [s\src\hotspot\share\prims\jni.cpp, line 516]
Event: 417.168 Thread 0x000002231c0ec550 Exception <a 'sun/nio/fs/WindowsException'{0x00000000eaef4e00}> (0x00000000eaef4e00) 
thrown [s\src\hotspot\share\prims\jni.cpp, line 516]
Event: 417.168 Thread 0x000002231c0ec550 Exception <a 'sun/nio/fs/WindowsException'{0x00000000eaef8188}> (0x00000000eaef8188) 
thrown [s\src\hotspot\share\prims\jni.cpp, line 516]
Event: 417.168 Thread 0x000002231c0ec550 Exception <a 'sun/nio/fs/WindowsException'{0x00000000eaef8ae8}> (0x00000000eaef8ae8) 
thrown [s\src\hotspot\share\prims\jni.cpp, line 516]
Event: 417.168 Thread 0x000002231c0ec550 Exception <a 'sun/nio/fs/WindowsException'{0x00000000eaef8db8}> (0x00000000eaef8db8) 
thrown [s\src\hotspot\share\prims\jni.cpp, line 516]
Event: 434.353 Thread 0x000002231c0f0c30 Implicit null exception at 0x000002230b3769e7 to 0x000002230b377244
Event: 461.413 Thread 0x000002231c0efd00 Exception <a 'sun/nio/fs/WindowsException'{0x00000000eadd3df0}> (0x00000000eadd3df0) 
thrown [s\src\hotspot\share\prims\jni.cpp, line 516]
Event: 461.414 Thread 0x000002231c0efd00 Exception <a 'sun/nio/fs/WindowsException'{0x00000000eadd40c0}> (0x00000000eadd40c0) 
thrown [s\src\hotspot\share\prims\jni.cpp, line 516]
Event: 461.414 Thread 0x000002231c0efd00 Exception <a 'sun/nio/fs/WindowsException'{0x00000000eadd4a20}> (0x00000000eadd4a20) 
thrown [s\src\hotspot\share\prims\jni.cpp, line 516]
Event: 461.414 Thread 0x000002231c0efd00 Exception <a 'sun/nio/fs/WindowsException'{0x00000000eadd4cf0}> (0x00000000eadd4cf0) 
thrown [s\src\hotspot\share\prims\jni.cpp, line 516]
Event: 544.797 Thread 0x000002231b1a5830 Exception <a 'java/lang/NoSuchMethodError'{0x00000000eacd8e48}: 'long java.lang.invoke.DirectMethodHandle$Holder.invokeStatic(java.lang.Object, java.lang.Object)'> (0x00000000eacd8e48) 
thrown [s\src\hotspot\share\interpreter\linkResolver.cpp, line 759]
Event: 544.820 Thread 0x000002231b1a5830 Exception <a 'java/lang/NoSuchMethodError'{0x00000000ead1c050}: 'long java.lang.invoke.DirectMethodHandle$Holder.invokeStatic(java.lang.Object, java.lang.Object, int)'> (0x00000000ead1c050) 
thrown [s\src\hotspot\share\interpreter\linkResolver.cpp, line 759]
Event: 544.823 Thread 0x000002231b1a5830 Implicit null exception at 0x000002230aa1246a to 0x000002230aa128ec
Event: 544.823 Thread 0x000002231b1a5830 Implicit null exception at 0x000002230b0e2482 to 0x000002230b0e3840
Event: 544.832 Thread 0x000002231b1a5830 Exception <a 'java/lang/NoSuchMethodError'{0x00000000ead6ea98}: 'java.lang.Object java.lang.invoke.DirectMethodHandle$Holder.invokeStatic(java.lang.Object, java.lang.Object, java.lang.Object, java.lang.Object, int, java.lang.Object)'> (0x00000000ead6ea98) 
thrown [s\src\hotspot\share\interpreter\linkResolver.cpp, line 759]
Event: 546.086 Thread 0x00000223190dd450 Implicit null exception at 0x000002230b027b62 to 0x000002230b027d60

VM Operations (20 events):
Event: 578.411 Executing VM operation: ParallelGCFailedAllocation done
Event: 578.445 Executing VM operation: ParallelGCFailedAllocation
Event: 578.447 Executing VM operation: ParallelGCFailedAllocation done
Event: 578.475 Executing VM operation: ParallelGCFailedAllocation
Event: 578.476 Executing VM operation: ParallelGCFailedAllocation done
Event: 578.516 Executing VM operation: ParallelGCFailedAllocation
Event: 578.518 Executing VM operation: ParallelGCFailedAllocation done
Event: 578.671 Executing VM operation: ParallelGCFailedAllocation
Event: 578.673 Executing VM operation: ParallelGCFailedAllocation done
Event: 578.686 Executing VM operation: ParallelGCFailedAllocation
Event: 578.689 Executing VM operation: ParallelGCFailedAllocation done
Event: 578.697 Executing VM operation: ParallelGCFailedAllocation
Event: 578.699 Executing VM operation: ParallelGCFailedAllocation done
Event: 578.708 Executing VM operation: ParallelGCFailedAllocation
Event: 578.712 Executing VM operation: ParallelGCFailedAllocation done
Event: 578.720 Executing VM operation: ParallelGCFailedAllocation
Event: 578.723 Executing VM operation: ParallelGCFailedAllocation done
Event: 578.736 Executing VM operation: ParallelGCFailedAllocation
Event: 578.739 Executing VM operation: ParallelGCFailedAllocation done
Event: 578.749 Executing VM operation: ParallelGCFailedAllocation

Events (20 events):
Event: 569.357 Thread 0x000002231c0ed990 Thread exited: 0x000002231c0ed990
Event: 569.357 Thread 0x000002231c0eedd0 Thread exited: 0x000002231c0eedd0
Event: 569.900 Thread 0x000002231c0eedd0 Thread added: 0x000002231c0eedd0
Event: 569.901 Thread 0x000002231c0f2070 Thread added: 0x000002231c0f2070
Event: 569.901 Thread 0x000002231c0f2a90 Thread added: 0x000002231c0f2a90
Event: 569.902 Thread 0x000002231c0f1650 Thread added: 0x000002231c0f1650
Event: 569.902 Thread 0x000002231c0eb620 Thread added: 0x000002231c0eb620
Event: 569.928 Thread 0x000002231c0f2070 Thread exited: 0x000002231c0f2070
Event: 569.928 Thread 0x000002231c0f1650 Thread exited: 0x000002231c0f1650
Event: 569.928 Thread 0x000002231c0eb620 Thread exited: 0x000002231c0eb620
Event: 569.928 Thread 0x000002231c0eedd0 Thread exited: 0x000002231c0eedd0
Event: 569.928 Thread 0x000002231c0f2a90 Thread exited: 0x000002231c0f2a90
Event: 570.149 Thread 0x000002231e6b7050 Thread exited: 0x000002231e6b7050
Event: 576.248 Thread 0x000002231e6b8590 Thread exited: 0x000002231e6b8590
Event: 578.679 Thread 0x000002231e6b7050 Thread added: 0x000002231e6b7050
Event: 578.683 Thread 0x000002231c0f2a90 Thread added: 0x000002231c0f2a90
Event: 578.683 Thread 0x000002231c0f1650 Thread added: 0x000002231c0f1650
Event: 578.684 Thread 0x000002231c0f2070 Thread added: 0x000002231c0f2070
Event: 578.684 Thread 0x000002231c0efd00 Thread added: 0x000002231c0efd00
Event: 578.684 Thread 0x000002231c0eb620 Thread added: 0x000002231c0eb620


Dynamic libraries:
0x00007ff72d180000 - 0x00007ff72d18e000 	c:\Users\User\.vscode\extensions\redhat.java-1.30.0-win32-x64\jre\17.0.10-win32-x86_64\bin\java.exe
0x00007ffb98590000 - 0x00007ffb98785000 	C:\Windows\SYSTEM32\ntdll.dll
0x00007ffb98490000 - 0x00007ffb9854e000 	C:\Windows\System32\KERNEL32.DLL
0x00007ffb95d40000 - 0x00007ffb96009000 	C:\Windows\System32\KERNELBASE.dll
0x00007ffb96010000 - 0x00007ffb96110000 	C:\Windows\System32\ucrtbase.dll
0x00007ffb75700000 - 0x00007ffb7571b000 	c:\Users\User\.vscode\extensions\redhat.java-1.30.0-win32-x64\jre\17.0.10-win32-x86_64\bin\VCRUNTIME140.dll
0x00007ffb777f0000 - 0x00007ffb77807000 	c:\Users\User\.vscode\extensions\redhat.java-1.30.0-win32-x64\jre\17.0.10-win32-x86_64\bin\jli.dll
0x00007ffb96610000 - 0x00007ffb967b1000 	C:\Windows\System32\USER32.dll
0x00007ffb7e4a0000 - 0x00007ffb7e73a000 	C:\Windows\WinSxS\amd64_microsoft.windows.common-controls_6595b64144ccf1df_6.0.19041.1110_none_60b5254171f9507e\COMCTL32.dll
0x00007ffb963d0000 - 0x00007ffb963f2000 	C:\Windows\System32\win32u.dll
0x00007ffb97d90000 - 0x00007ffb97e2e000 	C:\Windows\System32\msvcrt.dll
0x00007ffb978e0000 - 0x00007ffb9790b000 	C:\Windows\System32\GDI32.dll
0x00007ffb964d0000 - 0x00007ffb965db000 	C:\Windows\System32\gdi32full.dll
0x00007ffb96400000 - 0x00007ffb9649d000 	C:\Windows\System32\msvcp_win.dll
0x00007ffb976f0000 - 0x00007ffb97720000 	C:\Windows\System32\IMM32.DLL
0x00007ffb87c80000 - 0x00007ffb87c8c000 	c:\Users\User\.vscode\extensions\redhat.java-1.30.0-win32-x64\jre\17.0.10-win32-x86_64\bin\vcruntime140_1.dll
0x00007ffb51980000 - 0x00007ffb51a0d000 	c:\Users\User\.vscode\extensions\redhat.java-1.30.0-win32-x64\jre\17.0.10-win32-x86_64\bin\msvcp140.dll
0x00007ffb31540000 - 0x00007ffb321a2000 	c:\Users\User\.vscode\extensions\redhat.java-1.30.0-win32-x64\jre\17.0.10-win32-x86_64\bin\server\jvm.dll
0x00007ffb97410000 - 0x00007ffb974bc000 	C:\Windows\System32\ADVAPI32.dll
0x00007ffb97570000 - 0x00007ffb9760b000 	C:\Windows\System32\sechost.dll
0x00007ffb96af0000 - 0x00007ffb96c1a000 	C:\Windows\System32\RPCRT4.dll
0x00007ffb899b0000 - 0x00007ffb899b9000 	C:\Windows\SYSTEM32\WSOCK32.dll
0x00007ffb8ff90000 - 0x00007ffb8ffb7000 	C:\Windows\SYSTEM32\WINMM.dll
0x00007ffb97e30000 - 0x00007ffb97e9b000 	C:\Windows\System32\WS2_32.dll
0x00007ffb89b50000 - 0x00007ffb89b5a000 	C:\Windows\SYSTEM32\VERSION.dll
0x00007ffb95b20000 - 0x00007ffb95b6b000 	C:\Windows\SYSTEM32\POWRPROF.dll
0x00007ffb95b00000 - 0x00007ffb95b12000 	C:\Windows\SYSTEM32\UMPDC.dll
0x00007ffb93bb0000 - 0x00007ffb93bc2000 	C:\Windows\SYSTEM32\kernel.appcore.dll
0x00007ffb87bf0000 - 0x00007ffb87bfa000 	c:\Users\User\.vscode\extensions\redhat.java-1.30.0-win32-x64\jre\17.0.10-win32-x86_64\bin\jimage.dll
0x00007ffb86e70000 - 0x00007ffb87054000 	C:\Windows\SYSTEM32\DBGHELP.DLL
0x00007ffb84430000 - 0x00007ffb8445c000 	C:\Windows\SYSTEM32\dbgcore.DLL
0x00007ffb95cb0000 - 0x00007ffb95d33000 	C:\Windows\System32\bcryptPrimitives.dll
0x00007ffb7c380000 - 0x00007ffb7c38e000 	c:\Users\User\.vscode\extensions\redhat.java-1.30.0-win32-x64\jre\17.0.10-win32-x86_64\bin\instrument.dll
0x00007ffb5ee40000 - 0x00007ffb5ee65000 	c:\Users\User\.vscode\extensions\redhat.java-1.30.0-win32-x64\jre\17.0.10-win32-x86_64\bin\java.dll
0x00007ffb69f20000 - 0x00007ffb69f38000 	c:\Users\User\.vscode\extensions\redhat.java-1.30.0-win32-x64\jre\17.0.10-win32-x86_64\bin\zip.dll
0x00007ffb96c20000 - 0x00007ffb9735f000 	C:\Windows\System32\SHELL32.dll
0x00007ffb93db0000 - 0x00007ffb94540000 	C:\Windows\SYSTEM32\windows.storage.dll
0x00007ffb97a30000 - 0x00007ffb97d85000 	C:\Windows\System32\combase.dll
0x00007ffb95630000 - 0x00007ffb9565c000 	C:\Windows\SYSTEM32\Wldp.dll
0x00007ffb974c0000 - 0x00007ffb9756d000 	C:\Windows\System32\SHCORE.dll
0x00007ffb97f20000 - 0x00007ffb97f75000 	C:\Windows\System32\shlwapi.dll
0x00007ffb95bf0000 - 0x00007ffb95c0f000 	C:\Windows\SYSTEM32\profapi.dll
0x00007ffb68a70000 - 0x00007ffb68a89000 	C:\Users\User\.vscode\extensions\redhat.java-1.30.0-win32-x64\jre\17.0.10-win32-x86_64\bin\net.dll
0x00007ffb8c170000 - 0x00007ffb8c278000 	C:\Windows\SYSTEM32\WINHTTP.dll
0x00007ffb95390000 - 0x00007ffb953fa000 	C:\Windows\system32\mswsock.dll
0x00007ffb66c60000 - 0x00007ffb66c76000 	C:\Users\User\.vscode\extensions\redhat.java-1.30.0-win32-x64\jre\17.0.10-win32-x86_64\bin\nio.dll
0x00007ffb7c2f0000 - 0x00007ffb7c300000 	c:\Users\User\.vscode\extensions\redhat.java-1.30.0-win32-x64\jre\17.0.10-win32-x86_64\bin\verify.dll
0x00007ffb51890000 - 0x00007ffb518ce000 	C:\Users\User\AppData\Roaming\Code\User\globalStorage\redhat.java\1.30.0\config_win\org.eclipse.equinox.launcher\org.eclipse.equinox.launcher.win32.win32.x86_64_1.2.900.v20240213-1244\eclipse_11900.dll
0x00007ffb968e0000 - 0x00007ffb96a0a000 	C:\Windows\System32\ole32.dll
0x00007ffb7bd00000 - 0x00007ffb7bd09000 	C:\Users\User\.vscode\extensions\redhat.java-1.30.0-win32-x64\jre\17.0.10-win32-x86_64\bin\management.dll
0x00007ffb7bc80000 - 0x00007ffb7bc8b000 	C:\Users\User\.vscode\extensions\redhat.java-1.30.0-win32-x64\jre\17.0.10-win32-x86_64\bin\management_ext.dll
0x00007ffb965e0000 - 0x00007ffb965e8000 	C:\Windows\System32\PSAPI.DLL
0x00007ffb95580000 - 0x00007ffb95598000 	C:\Windows\SYSTEM32\CRYPTSP.dll
0x00007ffb94d10000 - 0x00007ffb94d44000 	C:\Windows\system32\rsaenh.dll
0x00007ffb964a0000 - 0x00007ffb964c7000 	C:\Windows\System32\bcrypt.dll
0x00007ffb95bb0000 - 0x00007ffb95bde000 	C:\Windows\SYSTEM32\USERENV.dll
0x00007ffb955a0000 - 0x00007ffb955ac000 	C:\Windows\SYSTEM32\CRYPTBASE.dll
0x00007ffb95080000 - 0x00007ffb950bb000 	C:\Windows\SYSTEM32\IPHLPAPI.DLL
0x00007ffb976e0000 - 0x00007ffb976e8000 	C:\Windows\System32\NSI.dll
0x00007ffb8ec50000 - 0x00007ffb8ec67000 	C:\Windows\SYSTEM32\dhcpcsvc6.DLL
0x00007ffb8efe0000 - 0x00007ffb8effd000 	C:\Windows\SYSTEM32\dhcpcsvc.DLL
0x00007ffb950c0000 - 0x00007ffb9518c000 	C:\Windows\SYSTEM32\DNSAPI.dll
0x00007ffb78250000 - 0x00007ffb78295000 	C:\Users\User\AppData\Local\Temp\jna-2645995\jna8392030803884144610.dll
0x00007ffb7a980000 - 0x00007ffb7a989000 	C:\Users\User\.vscode\extensions\redhat.java-1.30.0-win32-x64\jre\17.0.10-win32-x86_64\bin\extnet.dll

dbghelp: loaded successfully - version: 4.0.5 - missing functions: none
symbol engine: initialized successfully - sym options: 0x614 - pdb path: .;c:\Users\User\.vscode\extensions\redhat.java-1.30.0-win32-x64\jre\17.0.10-win32-x86_64\bin;C:\Windows\SYSTEM32;C:\Windows\WinSxS\amd64_microsoft.windows.common-controls_6595b64144ccf1df_6.0.19041.1110_none_60b5254171f9507e;c:\Users\User\.vscode\extensions\redhat.java-1.30.0-win32-x64\jre\17.0.10-win32-x86_64\bin\server;C:\Users\User\AppData\Roaming\Code\User\globalStorage\redhat.java\1.30.0\config_win\org.eclipse.equinox.launcher\org.eclipse.equinox.launcher.win32.win32.x86_64_1.2.900.v20240213-1244;C:\Users\User\AppData\Local\Temp\jna-2645995

VM Arguments:
jvm_args: --add-modules=ALL-SYSTEM --add-opens=java.base/java.util=ALL-UNNAMED --add-opens=java.base/java.lang=ALL-UNNAMED --add-opens=java.base/sun.nio.fs=ALL-UNNAMED -Declipse.application=org.eclipse.jdt.ls.core.id1 -Dosgi.bundles.defaultStartLevel=4 -Declipse.product=org.eclipse.jdt.ls.core.product -Djava.import.generatesMetadataFilesAtProjectRoot=false -DDetectVMInstallationsJob.disabled=true -Dfile.encoding=utf8 -XX:+UseParallelGC -XX:GCTimeRatio=4 -XX:AdaptiveSizePolicyWeight=90 -Dsun.zip.disableMemoryMapping=true -Xmx1G -Xms100m -Xlog:disable -javaagent:c:\Users\User\.vscode\extensions\redhat.java-1.30.0-win32-x64\lombok\lombok-1.18.32.jar -XX:+HeapDumpOnOutOfMemoryError -XX:HeapDumpPath=c:\Users\User\AppData\Roaming\Code\User\workspaceStorage\8afd2c2afd165582ca90f988ab1bca98\redhat.java -Daether.dependencyCollector.impl=bf 
java_command: c:\Users\User\.vscode\extensions\redhat.java-1.30.0-win32-x64\server\plugins\org.eclipse.equinox.launcher_1.6.800.v20240330-1250.jar -configuration c:\Users\User\AppData\Roaming\Code\User\globalStorage\redhat.java\1.30.0\config_win -data c:\Users\User\AppData\Roaming\Code\User\workspaceStorage\8afd2c2afd165582ca90f988ab1bca98\redhat.java\jdt_ws --pipe=\\.\pipe\lsp-1a6d9e2ce3c7d4a7d9ccb3d9a72518af-sock
java_class_path (initial): c:\Users\User\.vscode\extensions\redhat.java-1.30.0-win32-x64\server\plugins\org.eclipse.equinox.launcher_1.6.800.v20240330-1250.jar
Launcher Type: SUN_STANDARD

[Global flags]
    uintx AdaptiveSizePolicyWeight                 = 90                                        {product} {command line}
     intx CICompilerCount                          = 4                                         {product} {ergonomic}
    uintx GCTimeRatio                              = 4                                         {product} {command line}
     bool HeapDumpOnOutOfMemoryError               = true                                   {manageable} {command line}
    ccstr HeapDumpPath                             = c:\Users\User\AppData\Roaming\Code\User\workspaceStorage\8afd2c2afd165582ca90f988ab1bca98\redhat.java         {manageable} {command line}
   size_t InitialHeapSize                          = 104857600                                 {product} {command line}
   size_t MaxHeapSize                              = 1073741824                                {product} {command line}
   size_t MaxNewSize                               = 357564416                                 {product} {ergonomic}
   size_t MinHeapDeltaBytes                        = 524288                                    {product} {ergonomic}
   size_t MinHeapSize                              = 104857600                                 {product} {command line}
   size_t NewSize                                  = 34603008                                  {product} {ergonomic}
    uintx NonNMethodCodeHeapSize                   = 5839372                                {pd product} {ergonomic}
    uintx NonProfiledCodeHeapSize                  = 122909434                              {pd product} {ergonomic}
   size_t OldSize                                  = 70254592                                  {product} {ergonomic}
    uintx ProfiledCodeHeapSize                     = 122909434                              {pd product} {ergonomic}
    uintx ReservedCodeCacheSize                    = 251658240                              {pd product} {ergonomic}
     bool SegmentedCodeCache                       = true                                      {product} {ergonomic}
   size_t SoftMaxHeapSize                          = 1073741824                             {manageable} {ergonomic}
     bool UseCompressedClassPointers               = true                           {product lp64_product} {ergonomic}
     bool UseCompressedOops                        = true                           {product lp64_product} {ergonomic}
     bool UseLargePagesIndividualAllocation        = false                                  {pd product} {ergonomic}
     bool UseParallelGC                            = true                                      {product} {command line}

Logging:
Log output configuration:
 #0: stdout all=off uptime,level,tags
 #1: stderr all=off uptime,level,tags

Environment Variables:
PATH=C:\app\User\product\21c\dbhomeXE\bin;C:\Program Files\Common Files\Oracle\Java\javapath;C:\Windows\system32;C:\Windows;C:\Windows\System32\Wbem;C:\Windows\System32\WindowsPowerShell\v1.0\;C:\Windows\System32\OpenSSH\;C:\Program Files\Java\jdk-17\bin;C:\Users\User\AppData\Local\Microsoft\WindowsApps;C:\Users\User\AppData\Local\Programs\Microsoft VS Code\bin;C:\Users\User\AppData\Local\GitHubDesktop\bin;C:\apache-maven-3.9.6\bin;
USERNAME=User
OS=Windows_NT
PROCESSOR_IDENTIFIER=Intel64 Family 6 Model 58 Stepping 9, GenuineIntel
TMP=C:\Users\User\AppData\Local\Temp
TEMP=C:\Users\User\AppData\Local\Temp



Periodic native trim disabled


---------------  S Y S T E M  ---------------

OS:
 Windows 10 , 64 bit Build 19041 (10.0.19041.1202)
OS uptime: 58 days 20:52 hours

CPU: total 8 (initial active 8) (4 cores per cpu, 2 threads per core) family 6 model 58 stepping 9 microcode 0x21, cx8, cmov, fxsr, ht, mmx, sse, sse2, sse3, ssse3, sse4.1, sse4.2, popcnt, tsc, tscinvbit, avx, aes, erms, clmul, vzeroupper, clflush
Processor Information for all 8 processors :
  Max Mhz: 2201, Current Mhz: 2201, Mhz Limit: 2201

Memory: 4k page, system-wide physical 16253M (3862M free)
TotalPageFile size 19722M (AvailPageFile size 2648M)
current process WorkingSet (physical memory assigned to process): 743M, peak: 858M
current process commit charge ("private bytes"): 649M, peak: 793M

vm_info: OpenJDK 64-Bit Server VM (17.0.10+7) for windows-amd64 JRE (17.0.10+7), built on Jan 16 2024 23:25:11 by "admin" with MS VC++ 16.10 / 16.11 (VS2019)

END.
